<?xml version="1.0" encoding="UTF-8"?>
<!-- Generated by org.testng.reporters.JUnitReportReporter -->
<testsuite hostname="LAPTOP-D78H200V" failures="0" tests="4" name="Saucedemo1.DataProviders2" time="24.798" errors="0" timestamp="02 Jan 2023 14:27:18 GMT" skipped="0">
  <testcase classname="Saucedemo1.DataProviders2" name="data" time="3.796"/>
  <testcase classname="Saucedemo1.DataProviders2" name="data" time="17.774"/>
  <testcase classname="Saucedemo1.DataProviders2" name="data" time="1.557"/>
  <testcase classname="Saucedemo1.DataProviders2" name="data" time="1.671"/>
</testsuite> <!-- Saucedemo1.DataProviders2 -->
