<?xml version="1.0" encoding="UTF-8"?>
<!-- Generated by org.testng.reporters.JUnitReportReporter -->
<testsuite hostname="LAPTOP-D78H200V" failures="0" tests="3" name="Saucedemo1.DataProviders" time="0.009" errors="0" timestamp="02 Jan 2023 12:48:39 GMT" skipped="0">
  <testcase classname="Saucedemo1.DataProviders" name="data" time="0.001"/>
  <testcase classname="Saucedemo1.DataProviders" name="data" time="0.007"/>
  <testcase classname="Saucedemo1.DataProviders" name="data" time="0.001"/>
</testsuite> <!-- Saucedemo1.DataProviders -->
