<?xml version="1.0" encoding="UTF-8"?>
<!-- Generated by org.testng.reporters.JUnitReportReporter -->
<testsuite hostname="LAPTOP-D78H200V" failures="0" tests="1" name="Saucedemo1.VerifyTitleTest" time="19.347" errors="0" timestamp="01 Jan 2023 08:56:28 GMT" skipped="0">
  <testcase classname="Saucedemo1.VerifyTitleTest" name="Titletest" time="19.347"/>
</testsuite> <!-- Saucedemo1.VerifyTitleTest -->
